Using pre-set license
Built from '2022.3/staging' branch; Version is '2022.3.51f1 (9f9d16c45e54) revision 10460438'; Using compiler version '192829333'; Build Type 'Release'
OS: 'Windows 11  (10.0.22631) 64bit Professional' Language: 'ru' Physical Memory: 16147 MB
BatchMode: 1, IsHumanControllingUs: 0, StartBugReporterOnCrash: 0, Is64bit: 1, IsPro: 1

COMMAND LINE ARGUMENTS:
D:\Unity\Ver\2022.3.51f1\Editor\Unity.exe
-adb2
-batchMode
-noUpm
-name
AssetImportWorker2
-projectPath
D:/GitHub/SpookyCoffee/SpookyCoffee
-logFile
Logs/AssetImportWorker2.log
-srvPort
55639
Successfully changed project path to: D:/GitHub/SpookyCoffee/SpookyCoffee
D:/GitHub/SpookyCoffee/SpookyCoffee
[UnityMemory] Configuration Parameters - Can be set up in boot.config
    "memorysetup-bucket-allocator-granularity=16"
    "memorysetup-bucket-allocator-bucket-count=8"
    "memorysetup-bucket-allocator-block-size=33554432"
    "memorysetup-bucket-allocator-block-count=8"
    "memorysetup-main-allocator-block-size=16777216"
    "memorysetup-thread-allocator-block-size=16777216"
    "memorysetup-gfx-main-allocator-block-size=16777216"
    "memorysetup-gfx-thread-allocator-block-size=16777216"
    "memorysetup-cache-allocator-block-size=4194304"
    "memorysetup-typetree-allocator-block-size=2097152"
    "memorysetup-profiler-bucket-allocator-granularity=16"
    "memorysetup-profiler-bucket-allocator-bucket-count=8"
    "memorysetup-profiler-bucket-allocator-block-size=33554432"
    "memorysetup-profiler-bucket-allocator-block-count=8"
    "memorysetup-profiler-allocator-block-size=16777216"
    "memorysetup-profiler-editor-allocator-block-size=1048576"
    "memorysetup-temp-allocator-size-main=16777216"
    "memorysetup-job-temp-allocator-block-size=2097152"
    "memorysetup-job-temp-allocator-block-size-background=1048576"
    "memorysetup-job-temp-allocator-reduction-small-platforms=262144"
    "memorysetup-allocator-temp-initial-block-size-main=262144"
    "memorysetup-allocator-temp-initial-block-size-worker=262144"
    "memorysetup-temp-allocator-size-background-worker=32768"
    "memorysetup-temp-allocator-size-job-worker=262144"
    "memorysetup-temp-allocator-size-preload-manager=33554432"
    "memorysetup-temp-allocator-size-nav-mesh-worker=65536"
    "memorysetup-temp-allocator-size-audio-worker=65536"
    "memorysetup-temp-allocator-size-cloud-worker=32768"
    "memorysetup-temp-allocator-size-gi-baking-worker=262144"
    "memorysetup-temp-allocator-size-gfx=262144"
Player connection [18688]  Target information:

Player connection [18688]  * "[IP] 192.168.0.12 [Port] 0 [Flags] 2 [Guid] 339321133 [EditorId] 339321133 [Version] 1048832 [Id] WindowsEditor(7,agapie) [Debug] 1 [PackageName] WindowsEditor [ProjectName] Editor" 

Player connection [18688] Host joined multi-casting on [225.0.0.222:54997]...
Player connection [18688] Host joined alternative multi-casting on [225.0.0.222:34997]...
[PhysX] Initialized MultithreadedTaskDispatcher with 12 workers.
Refreshing native plugins compatible for Editor in 7.50 ms, found 3 plugins.
Preloading 0 native plugins for Editor in 0.00 ms.
Initialize engine version: 2022.3.51f1 (9f9d16c45e54)
[Subsystems] Discovering subsystems at path D:/Unity/Ver/2022.3.51f1/Editor/Data/Resources/UnitySubsystems
[Subsystems] Discovering subsystems at path D:/GitHub/SpookyCoffee/SpookyCoffee/Assets
GfxDevice: creating device client; threaded=0; jobified=0
Direct3D:
    Version:  Direct3D 11.0 [level 11.1]
    Renderer: NVIDIA GeForce RTX 3050 Ti Laptop GPU (ID=0x25a0)
    Vendor:   NVIDIA
    VRAM:     3962 MB
    Driver:   32.0.15.6590
Initialize mono
Mono path[0] = 'D:/Unity/Ver/2022.3.51f1/Editor/Data/Managed'
Mono path[1] = 'D:/Unity/Ver/2022.3.51f1/Editor/Data/MonoBleedingEdge/lib/mono/unityjit-win32'
Mono config path = 'D:/Unity/Ver/2022.3.51f1/Editor/Data/MonoBleedingEdge/etc'
Using monoOptions --debugger-agent=transport=dt_socket,embedding=1,server=y,suspend=n,address=127.0.0.1:56156
Begin MonoManager ReloadAssembly
Registering precompiled unity dll's ...
Register platform support module: D:/Unity/Ver/2022.3.51f1/Editor/Data/PlaybackEngines/WindowsStandaloneSupport/UnityEditor.WindowsStandalone.Extensions.dll
Registered in 0.002658 seconds.
- Loaded All Assemblies, in  0.285 seconds
Native extension for WindowsStandalone target not found
Mono: successfully reloaded assembly
- Finished resetting the current domain, in  0.241 seconds
Domain Reload Profiling: 526ms
	BeginReloadAssembly (88ms)
		ExecutionOrderSort (0ms)
		DisableScriptedObjects (0ms)
		BackupInstance (0ms)
		ReleaseScriptingObjects (0ms)
		CreateAndSetChildDomain (1ms)
	RebuildCommonClasses (30ms)
	RebuildNativeTypeToScriptingClass (9ms)
	initialDomainReloadingComplete (42ms)
	LoadAllAssembliesAndSetupDomain (116ms)
		LoadAssemblies (87ms)
		RebuildTransferFunctionScriptingTraits (0ms)
		AnalyzeDomain (114ms)
			TypeCache.Refresh (113ms)
				TypeCache.ScanAssembly (102ms)
			ScanForSourceGeneratedMonoScriptInfo (0ms)
			ResolveRequiredComponents (0ms)
	FinalizeReload (242ms)
		ReleaseScriptCaches (0ms)
		RebuildScriptCaches (0ms)
		SetupLoadedEditorAssemblies (199ms)
			LogAssemblyErrors (0ms)
			InitializePlatformSupportModulesInManaged (7ms)
			SetLoadedEditorAssemblies (7ms)
			RefreshPlugins (0ms)
			BeforeProcessingInitializeOnLoad (2ms)
			ProcessInitializeOnLoadAttributes (144ms)
			ProcessInitializeOnLoadMethodAttributes (40ms)
			AfterProcessingInitializeOnLoad (0ms)
			EditorAssembliesLoaded (0ms)
		ExecutionOrderSort2 (0ms)
		AwakeInstancesAfterBackupRestoration (0ms)
========================================================================
Worker process is ready to serve import requests
Caller must complete domain reload
Begin MonoManager ReloadAssembly
- Loaded All Assemblies, in  0.521 seconds
Native extension for WindowsStandalone target not found
Package Manager log level set to [2]
[Package Manager] Server::EnsureServerProcessIsRunning -- launch failed, reason: Unity was launched with the -noUpm command-line argument
[Package Manager] UpmClient::Send -- Unable to send message (not connected to UPM process).
[Package Manager] Cannot connect to Unity Package Manager local server
Mono: successfully reloaded assembly
- Finished resetting the current domain, in  0.577 seconds
Domain Reload Profiling: 1099ms
	BeginReloadAssembly (126ms)
		ExecutionOrderSort (0ms)
		DisableScriptedObjects (4ms)
		BackupInstance (0ms)
		ReleaseScriptingObjects (0ms)
		CreateAndSetChildDomain (21ms)
	RebuildCommonClasses (27ms)
	RebuildNativeTypeToScriptingClass (8ms)
	initialDomainReloadingComplete (30ms)
	LoadAllAssembliesAndSetupDomain (330ms)
		LoadAssemblies (233ms)
		RebuildTransferFunctionScriptingTraits (0ms)
		AnalyzeDomain (169ms)
			TypeCache.Refresh (144ms)
				TypeCache.ScanAssembly (131ms)
			ScanForSourceGeneratedMonoScriptInfo (15ms)
			ResolveRequiredComponents (8ms)
	FinalizeReload (577ms)
		ReleaseScriptCaches (0ms)
		RebuildScriptCaches (0ms)
		SetupLoadedEditorAssemblies (410ms)
			LogAssemblyErrors (0ms)
			InitializePlatformSupportModulesInManaged (4ms)
			SetLoadedEditorAssemblies (4ms)
			RefreshPlugins (0ms)
			BeforeProcessingInitializeOnLoad (53ms)
			ProcessInitializeOnLoadAttributes (324ms)
			ProcessInitializeOnLoadMethodAttributes (23ms)
			AfterProcessingInitializeOnLoad (2ms)
			EditorAssembliesLoaded (0ms)
		ExecutionOrderSort2 (0ms)
		AwakeInstancesAfterBackupRestoration (7ms)
Launched and connected shader compiler UnityShaderCompiler.exe after 0.04 seconds
Refreshing native plugins compatible for Editor in 3.22 ms, found 3 plugins.
Preloading 0 native plugins for Editor in 0.00 ms.
Unloading 3725 Unused Serialized files (Serialized files now loaded: 0)
Unloading 36 unused Assets / (1.8 MB). Loaded Objects now: 4216.
Memory consumption went from 170.6 MB to 168.8 MB.
Total: 4.157300 ms (FindLiveObjects: 0.328900 ms CreateObjectMapping: 0.149700 ms MarkObjects: 3.237300 ms  DeleteObjects: 0.440300 ms)

AssetImportParameters requested are different than current active one (requested -> active):
  custom:container-demuxer-ogg: 62fdf1f143b41e24485cea50d1cbac27 -> 
  custom:video-decoder-ogg-theora: a1e56fd34408186e4bbccfd4996cb3dc -> 
  custom:framework-win-MediaFoundation: 216162199b28c13a410421893ffa2e32 -> 
  custom:CustomObjectIndexerAttribute: 9a22284fe3817be447336de3de66b15e -> 
  custom:container-demuxer-webm: 4f35f7cbe854078d1ac9338744f61a02 -> 
  custom:container-muxer-webm: aa71ff27fc2769a1b78a27578f13a17b -> 
  custom:video-decoder-webm-vp8: 9c59270c3fd7afecdb556c50c9e8de78 -> 
  custom:SearchIndexIgnoredProperties: e643bd26f0fe6173181afceb89e7c659 -> 
  custom:AudioImporter_EditorPlatform: d09bf68614088b80899f8185d706f6e7 -> 
  custom:video-encoder-webm-vp8: eb34c28f22e8b96e1ab97ce403110664 -> 
  custom:audio-decoder-ogg-vorbis: bf7c407c2cedff20999df2af8eb42d56 -> 
  custom:audio-encoder-webm-vorbis: bf7c407c2cedff20999df2af8eb42d56 -> 
========================================================================
Received Import Request.
  Time since last request: 16943.816958 seconds.
  path: Assets/Materials/Milk.mat
  artifactKey: Guid(b98f3e4356770d04788afefc24e24e4a) Importer(815301076,1909f56bfc062723c751e8b465ee728b)
Start importing Assets/Materials/Milk.mat using Guid(b98f3e4356770d04788afefc24e24e4a) Importer(815301076,1909f56bfc062723c751e8b465ee728b) [PhysX] Initialized MultithreadedTaskDispatcher with 12 workers.
[PhysX] Initialized MultithreadedTaskDispatcher with 12 workers.
 -> (artifact id: 'c356d2a503a8d2db81f4e263f75369fc') in 0.101346 seconds
Number of updated asset objects reloaded before import = 0
Number of asset objects unloaded after import = 1
========================================================================
Received Import Request.
  Time since last request: 23.207810 seconds.
  path: Assets/Materials/Coffee.mat
  artifactKey: Guid(04adf27220d049a4eba251cf3f7b9ce0) Importer(815301076,1909f56bfc062723c751e8b465ee728b)
Start importing Assets/Materials/Coffee.mat using Guid(04adf27220d049a4eba251cf3f7b9ce0) Importer(815301076,1909f56bfc062723c751e8b465ee728b) [PhysX] Initialized MultithreadedTaskDispatcher with 12 workers.
[PhysX] Initialized MultithreadedTaskDispatcher with 12 workers.
 -> (artifact id: '1bb169937b3184399cce381c53f6c0f3') in 0.016667 seconds
Number of updated asset objects reloaded before import = 0
Number of asset objects unloaded after import = 1
========================================================================
Received Import Request.
  Time since last request: 42.097774 seconds.
  path: Assets/Prefabs/Client.prefab
  artifactKey: Guid(8109fc5e5fda5664cbac00ae80e731ba) Importer(815301076,1909f56bfc062723c751e8b465ee728b)
Start importing Assets/Prefabs/Client.prefab using Guid(8109fc5e5fda5664cbac00ae80e731ba) Importer(815301076,1909f56bfc062723c751e8b465ee728b) [PhysX] Initialized MultithreadedTaskDispatcher with 12 workers.
[PhysX] Initialized MultithreadedTaskDispatcher with 12 workers.
 -> (artifact id: 'ad91767b5f9eb0c00072e6cb3651d4b1') in 0.024651 seconds
Number of updated asset objects reloaded before import = 0
Number of asset objects unloaded after import = 9
========================================================================
Received Import Request.
  Time since last request: 60.689391 seconds.
  path: Assets/Prefabs/Coffee.prefab
  artifactKey: Guid(5dfeba06749f98946b5f8c3018270809) Importer(815301076,1909f56bfc062723c751e8b465ee728b)
Start importing Assets/Prefabs/Coffee.prefab using Guid(5dfeba06749f98946b5f8c3018270809) Importer(815301076,1909f56bfc062723c751e8b465ee728b) [PhysX] Initialized MultithreadedTaskDispatcher with 12 workers.
[PhysX] Initialized MultithreadedTaskDispatcher with 12 workers.
 -> (artifact id: '409702e7f34a45bdf817149cf7dabb4b') in 0.013693 seconds
Number of updated asset objects reloaded before import = 0
Number of asset objects unloaded after import = 9
========================================================================
Received Import Request.
  Time since last request: 41.170713 seconds.
  path: Assets/Materials/Coffee.mat
  artifactKey: Guid(04adf27220d049a4eba251cf3f7b9ce0) Importer(815301076,1909f56bfc062723c751e8b465ee728b)
Start importing Assets/Materials/Coffee.mat using Guid(04adf27220d049a4eba251cf3f7b9ce0) Importer(815301076,1909f56bfc062723c751e8b465ee728b) [PhysX] Initialized MultithreadedTaskDispatcher with 12 workers.
[PhysX] Initialized MultithreadedTaskDispatcher with 12 workers.
 -> (artifact id: 'c134f2e1bebd30fc9430ed14fca7183b') in 0.013467 seconds
Number of updated asset objects reloaded before import = 0
Number of asset objects unloaded after import = 1
========================================================================
Received Import Request.
  Time since last request: 12.018439 seconds.
  path: Assets/Halloween Pack-Cemetery Snap/Prefabs/Broom.prefab
  artifactKey: Guid(e94df6b633c3aaa45834ff62a0c73674) Importer(815301076,1909f56bfc062723c751e8b465ee728b)
Start importing Assets/Halloween Pack-Cemetery Snap/Prefabs/Broom.prefab using Guid(e94df6b633c3aaa45834ff62a0c73674) Importer(815301076,1909f56bfc062723c751e8b465ee728b) [PhysX] Initialized MultithreadedTaskDispatcher with 12 workers.
[PhysX] Initialized MultithreadedTaskDispatcher with 12 workers.
 -> (artifact id: '3173de0c00b42f14570ceb404a76ee87') in 0.023368 seconds
Number of updated asset objects reloaded before import = 0
Number of asset objects unloaded after import = 10
========================================================================
Received Import Request.
  Time since last request: 0.000020 seconds.
  path: Assets/Halloween Pack-Cemetery Snap/Prefabs/Candle_C.prefab
  artifactKey: Guid(2581d812137edfd45b26b0534ec71289) Importer(815301076,1909f56bfc062723c751e8b465ee728b)
Start importing Assets/Halloween Pack-Cemetery Snap/Prefabs/Candle_C.prefab using Guid(2581d812137edfd45b26b0534ec71289) Importer(815301076,1909f56bfc062723c751e8b465ee728b) [PhysX] Initialized MultithreadedTaskDispatcher with 12 workers.
[PhysX] Initialized MultithreadedTaskDispatcher with 12 workers.
 -> (artifact id: '36f26bd577d0ff997c8ad671b8caa8c2') in 0.027163 seconds
Number of updated asset objects reloaded before import = 0
Number of asset objects unloaded after import = 12
========================================================================
Received Import Request.
  Time since last request: 0.000052 seconds.
  path: Assets/Halloween Pack-Cemetery Snap/Prefabs/Candle_D.prefab
  artifactKey: Guid(7be5fba9a68ee7849bd32d89d3ed0ab0) Importer(815301076,1909f56bfc062723c751e8b465ee728b)
Start importing Assets/Halloween Pack-Cemetery Snap/Prefabs/Candle_D.prefab using Guid(7be5fba9a68ee7849bd32d89d3ed0ab0) Importer(815301076,1909f56bfc062723c751e8b465ee728b) [PhysX] Initialized MultithreadedTaskDispatcher with 12 workers.
[PhysX] Initialized MultithreadedTaskDispatcher with 12 workers.
 -> (artifact id: '3c0aa6fddd08817bab6f26d1afb0965c') in 0.015626 seconds
Number of updated asset objects reloaded before import = 0
Number of asset objects unloaded after import = 12
========================================================================
Received Import Request.
  Time since last request: 0.000022 seconds.
  path: Assets/Halloween Pack-Cemetery Snap/Prefabs/Candle_Group_A.prefab
  artifactKey: Guid(9ab100afff737d84f8a9bc394de613f4) Importer(815301076,1909f56bfc062723c751e8b465ee728b)
Start importing Assets/Halloween Pack-Cemetery Snap/Prefabs/Candle_Group_A.prefab using Guid(9ab100afff737d84f8a9bc394de613f4) Importer(815301076,1909f56bfc062723c751e8b465ee728b) [PhysX] Initialized MultithreadedTaskDispatcher with 12 workers.
[PhysX] Initialized MultithreadedTaskDispatcher with 12 workers.
 -> (artifact id: 'f411848125aa8bc4b184deb591e197cf') in 0.023772 seconds
Number of updated asset objects reloaded before import = 0
Number of asset objects unloaded after import = 12
========================================================================
Received Import Request.
  Time since last request: 0.005700 seconds.
  path: Assets/Halloween Pack-Cemetery Snap/Prefabs/Candle_Group_C.prefab
  artifactKey: Guid(97718a386a494f64f9bbea4b62581a79) Importer(815301076,1909f56bfc062723c751e8b465ee728b)
Start importing Assets/Halloween Pack-Cemetery Snap/Prefabs/Candle_Group_C.prefab using Guid(97718a386a494f64f9bbea4b62581a79) Importer(815301076,1909f56bfc062723c751e8b465ee728b) [PhysX] Initialized MultithreadedTaskDispatcher with 12 workers.
[PhysX] Initialized MultithreadedTaskDispatcher with 12 workers.
 -> (artifact id: '55ca8a3049ebc43db435ed142fa86a33') in 0.023742 seconds
Number of updated asset objects reloaded before import = 0
Number of asset objects unloaded after import = 12
========================================================================
Received Import Request.
  Time since last request: 0.000022 seconds.
  path: Assets/Halloween Pack-Cemetery Snap/Prefabs/Cemetery_Gate.prefab
  artifactKey: Guid(9a74cc6b83a66804e9d5e39101bf63b5) Importer(815301076,1909f56bfc062723c751e8b465ee728b)
Start importing Assets/Halloween Pack-Cemetery Snap/Prefabs/Cemetery_Gate.prefab using Guid(9a74cc6b83a66804e9d5e39101bf63b5) Importer(815301076,1909f56bfc062723c751e8b465ee728b) [PhysX] Initialized MultithreadedTaskDispatcher with 12 workers.
[PhysX] Initialized MultithreadedTaskDispatcher with 12 workers.
 -> (artifact id: '0c9565f76a16495a9111fed9896fbda6') in 0.022827 seconds
Number of updated asset objects reloaded before import = 0
Number of asset objects unloaded after import = 10
========================================================================
Received Import Request.
  Time since last request: 0.000020 seconds.
  path: Assets/Halloween Pack-Cemetery Snap/Prefabs/Fence Wall A.prefab
  artifactKey: Guid(11bd476b5dfbb6048980a0e946822042) Importer(815301076,1909f56bfc062723c751e8b465ee728b)
Start importing Assets/Halloween Pack-Cemetery Snap/Prefabs/Fence Wall A.prefab using Guid(11bd476b5dfbb6048980a0e946822042) Importer(815301076,1909f56bfc062723c751e8b465ee728b) [PhysX] Initialized MultithreadedTaskDispatcher with 12 workers.
[PhysX] Initialized MultithreadedTaskDispatcher with 12 workers.
 -> (artifact id: 'b8d3b78a2e20207a33f9802026c51038') in 0.017834 seconds
Number of updated asset objects reloaded before import = 0
Number of asset objects unloaded after import = 10
========================================================================
Received Import Request.
  Time since last request: 0.000018 seconds.
  path: Assets/Halloween Pack-Cemetery Snap/Prefabs/Fence_wall_corner_A.prefab
  artifactKey: Guid(eddead3eb0cdd0c44a6727f246e6cbd3) Importer(815301076,1909f56bfc062723c751e8b465ee728b)
Start importing Assets/Halloween Pack-Cemetery Snap/Prefabs/Fence_wall_corner_A.prefab using Guid(eddead3eb0cdd0c44a6727f246e6cbd3) Importer(815301076,1909f56bfc062723c751e8b465ee728b) [PhysX] Initialized MultithreadedTaskDispatcher with 12 workers.
[PhysX] Initialized MultithreadedTaskDispatcher with 12 workers.
 -> (artifact id: '062c71bc75770c03a2f4415d37c3e62d') in 0.017794 seconds
Number of updated asset objects reloaded before import = 0
Number of asset objects unloaded after import = 10
========================================================================
Received Import Request.
  Time since last request: 0.000021 seconds.
  path: Assets/Halloween Pack-Cemetery Snap/Prefabs/Dirt_tile_B.prefab
  artifactKey: Guid(b1ddf37a26cfb684fb3dc86d126b838b) Importer(815301076,1909f56bfc062723c751e8b465ee728b)
Start importing Assets/Halloween Pack-Cemetery Snap/Prefabs/Dirt_tile_B.prefab using Guid(b1ddf37a26cfb684fb3dc86d126b838b) Importer(815301076,1909f56bfc062723c751e8b465ee728b) [PhysX] Initialized MultithreadedTaskDispatcher with 12 workers.
[PhysX] Initialized MultithreadedTaskDispatcher with 12 workers.
 -> (artifact id: 'df469f8953a98a5eafcf739f851f5d5a') in 0.017043 seconds
Number of updated asset objects reloaded before import = 0
Number of asset objects unloaded after import = 10
========================================================================
Received Import Request.
  Time since last request: 0.000017 seconds.
  path: Assets/Halloween Pack-Cemetery Snap/Prefabs/Grass B.prefab
  artifactKey: Guid(fdaea2623be08f44389af75cb9c492f7) Importer(815301076,1909f56bfc062723c751e8b465ee728b)
Start importing Assets/Halloween Pack-Cemetery Snap/Prefabs/Grass B.prefab using Guid(fdaea2623be08f44389af75cb9c492f7) Importer(815301076,1909f56bfc062723c751e8b465ee728b) [PhysX] Initialized MultithreadedTaskDispatcher with 12 workers.
[PhysX] Initialized MultithreadedTaskDispatcher with 12 workers.
 -> (artifact id: '82302de3d1fd870fa11bfdfb78f5cd1e') in 0.017494 seconds
Number of updated asset objects reloaded before import = 0
Number of asset objects unloaded after import = 10
========================================================================
Received Import Request.
  Time since last request: 0.000018 seconds.
  path: Assets/Halloween Pack-Cemetery Snap/Prefabs/Grass D.prefab
  artifactKey: Guid(0c32589e9dbd30e4a870b36399bb3c0c) Importer(815301076,1909f56bfc062723c751e8b465ee728b)
Start importing Assets/Halloween Pack-Cemetery Snap/Prefabs/Grass D.prefab using Guid(0c32589e9dbd30e4a870b36399bb3c0c) Importer(815301076,1909f56bfc062723c751e8b465ee728b) [PhysX] Initialized MultithreadedTaskDispatcher with 12 workers.
[PhysX] Initialized MultithreadedTaskDispatcher with 12 workers.
 -> (artifact id: '4eaa77885c33676d167361c215fc38bb') in 0.018746 seconds
Number of updated asset objects reloaded before import = 0
Number of asset objects unloaded after import = 10
========================================================================
Received Import Request.
  Time since last request: 0.000028 seconds.
  path: Assets/Halloween Pack-Cemetery Snap/Prefabs/Grass_tile_in_B.prefab
  artifactKey: Guid(0980133d0f3367642b1659e27e587f66) Importer(815301076,1909f56bfc062723c751e8b465ee728b)
Start importing Assets/Halloween Pack-Cemetery Snap/Prefabs/Grass_tile_in_B.prefab using Guid(0980133d0f3367642b1659e27e587f66) Importer(815301076,1909f56bfc062723c751e8b465ee728b) [PhysX] Initialized MultithreadedTaskDispatcher with 12 workers.
[PhysX] Initialized MultithreadedTaskDispatcher with 12 workers.
 -> (artifact id: 'ebed6a34a63afbe9c05c41e74373758d') in 0.016600 seconds
Number of updated asset objects reloaded before import = 0
Number of asset objects unloaded after import = 10
========================================================================
Received Import Request.
  Time since last request: 0.000017 seconds.
  path: Assets/Halloween Pack-Cemetery Snap/Prefabs/Grass_tile_in_D.prefab
  artifactKey: Guid(877dd4b3f37215943a9dad3da1822253) Importer(815301076,1909f56bfc062723c751e8b465ee728b)
Start importing Assets/Halloween Pack-Cemetery Snap/Prefabs/Grass_tile_in_D.prefab using Guid(877dd4b3f37215943a9dad3da1822253) Importer(815301076,1909f56bfc062723c751e8b465ee728b) [PhysX] Initialized MultithreadedTaskDispatcher with 12 workers.
[PhysX] Initialized MultithreadedTaskDispatcher with 12 workers.
 -> (artifact id: 'c903c7c87741607c6dfd81b2d3aa3e7c') in 0.011429 seconds
Number of updated asset objects reloaded before import = 0
Number of asset objects unloaded after import = 10
========================================================================
Received Import Request.
  Time since last request: 0.000020 seconds.
  path: Assets/Halloween Pack-Cemetery Snap/Prefabs/Gravestone S1.prefab
  artifactKey: Guid(71ba7593c7cbc58478d6fd1e2ae946b2) Importer(815301076,1909f56bfc062723c751e8b465ee728b)
Start importing Assets/Halloween Pack-Cemetery Snap/Prefabs/Gravestone S1.prefab using Guid(71ba7593c7cbc58478d6fd1e2ae946b2) Importer(815301076,1909f56bfc062723c751e8b465ee728b) [PhysX] Initialized MultithreadedTaskDispatcher with 12 workers.
[PhysX] Initialized MultithreadedTaskDispatcher with 12 workers.
 -> (artifact id: '624608139db581cd949c735ba914ffa3') in 0.011848 seconds
Number of updated asset objects reloaded before import = 0
Number of asset objects unloaded after import = 10
========================================================================
Received Import Request.
  Time since last request: 0.000019 seconds.
  path: Assets/Halloween Pack-Cemetery Snap/Prefabs/Gravestone_A.prefab
  artifactKey: Guid(60f67bdcf80b65e4bbbfb9a0c20ca62d) Importer(815301076,1909f56bfc062723c751e8b465ee728b)
Start importing Assets/Halloween Pack-Cemetery Snap/Prefabs/Gravestone_A.prefab using Guid(60f67bdcf80b65e4bbbfb9a0c20ca62d) Importer(815301076,1909f56bfc062723c751e8b465ee728b) [PhysX] Initialized MultithreadedTaskDispatcher with 12 workers.
[PhysX] Initialized MultithreadedTaskDispatcher with 12 workers.
 -> (artifact id: '0526312ed18ff85c5d0b207beff27fc4') in 0.024773 seconds
Number of updated asset objects reloaded before import = 0
Number of asset objects unloaded after import = 10
========================================================================
Received Import Request.
  Time since last request: 0.000030 seconds.
  path: Assets/Halloween Pack-Cemetery Snap/Prefabs/Gravestone S4.prefab
  artifactKey: Guid(4cfb6dcda5190d44cab1749f3a427686) Importer(815301076,1909f56bfc062723c751e8b465ee728b)
Start importing Assets/Halloween Pack-Cemetery Snap/Prefabs/Gravestone S4.prefab using Guid(4cfb6dcda5190d44cab1749f3a427686) Importer(815301076,1909f56bfc062723c751e8b465ee728b) [PhysX] Initialized MultithreadedTaskDispatcher with 12 workers.
[PhysX] Initialized MultithreadedTaskDispatcher with 12 workers.
 -> (artifact id: 'a22efa47d44cd20ceb813339a8b8e1d0') in 0.015903 seconds
Number of updated asset objects reloaded before import = 0
Number of asset objects unloaded after import = 10
========================================================================
Received Import Request.
  Time since last request: 0.000050 seconds.
  path: Assets/Halloween Pack-Cemetery Snap/Prefabs/Grass_tile_hole.prefab
  artifactKey: Guid(dfd1bca9ecbf29a419f474f49c39f62e) Importer(815301076,1909f56bfc062723c751e8b465ee728b)
Start importing Assets/Halloween Pack-Cemetery Snap/Prefabs/Grass_tile_hole.prefab using Guid(dfd1bca9ecbf29a419f474f49c39f62e) Importer(815301076,1909f56bfc062723c751e8b465ee728b) [PhysX] Initialized MultithreadedTaskDispatcher with 12 workers.
[PhysX] Initialized MultithreadedTaskDispatcher with 12 workers.
 -> (artifact id: '8bbafce86830570bc3a8863bcd8c863e') in 0.014483 seconds
Number of updated asset objects reloaded before import = 0
Number of asset objects unloaded after import = 10
========================================================================
Received Import Request.
  Time since last request: 0.000021 seconds.
  path: Assets/Halloween Pack-Cemetery Snap/Prefabs/Grass_tile_mid_B.prefab
  artifactKey: Guid(87908927607c9a542ab20b69e61307f8) Importer(815301076,1909f56bfc062723c751e8b465ee728b)
Start importing Assets/Halloween Pack-Cemetery Snap/Prefabs/Grass_tile_mid_B.prefab using Guid(87908927607c9a542ab20b69e61307f8) Importer(815301076,1909f56bfc062723c751e8b465ee728b) [PhysX] Initialized MultithreadedTaskDispatcher with 12 workers.
[PhysX] Initialized MultithreadedTaskDispatcher with 12 workers.
 -> (artifact id: 'bd17339b07b2a12f77955cc63a3b8ee7') in 0.028629 seconds
Number of updated asset objects reloaded before import = 0
Number of asset objects unloaded after import = 10
========================================================================
Received Import Request.
  Time since last request: 0.000024 seconds.
  path: Assets/Halloween Pack-Cemetery Snap/Prefabs/Gravestone_B.prefab
  artifactKey: Guid(ff3c8929527894f4eabb85bbd2a125cd) Importer(815301076,1909f56bfc062723c751e8b465ee728b)
Start importing Assets/Halloween Pack-Cemetery Snap/Prefabs/Gravestone_B.prefab using Guid(ff3c8929527894f4eabb85bbd2a125cd) Importer(815301076,1909f56bfc062723c751e8b465ee728b) [PhysX] Initialized MultithreadedTaskDispatcher with 12 workers.
[PhysX] Initialized MultithreadedTaskDispatcher with 12 workers.
 -> (artifact id: 'ad5880987e6bf723e09483186fdb4c11') in 0.014429 seconds
Number of updated asset objects reloaded before import = 0
Number of asset objects unloaded after import = 10
========================================================================
Received Import Request.
  Time since last request: 0.000022 seconds.
  path: Assets/Halloween Pack-Cemetery Snap/Prefabs/Grass_tile_in_A.prefab
  artifactKey: Guid(83d67be4684cd844499332220fd99bdb) Importer(815301076,1909f56bfc062723c751e8b465ee728b)
Start importing Assets/Halloween Pack-Cemetery Snap/Prefabs/Grass_tile_in_A.prefab using Guid(83d67be4684cd844499332220fd99bdb) Importer(815301076,1909f56bfc062723c751e8b465ee728b) [PhysX] Initialized MultithreadedTaskDispatcher with 12 workers.
[PhysX] Initialized MultithreadedTaskDispatcher with 12 workers.
 -> (artifact id: '4698a8a2ad693ead84b034b1b2232eb9') in 0.026370 seconds
Number of updated asset objects reloaded before import = 0
Number of asset objects unloaded after import = 10
========================================================================
Received Import Request.
  Time since last request: 0.000031 seconds.
  path: Assets/Halloween Pack-Cemetery Snap/Prefabs/Grass_tile_corner_C.prefab
  artifactKey: Guid(71ca01d0ad50eab4c877092fd3776e74) Importer(815301076,1909f56bfc062723c751e8b465ee728b)
Start importing Assets/Halloween Pack-Cemetery Snap/Prefabs/Grass_tile_corner_C.prefab using Guid(71ca01d0ad50eab4c877092fd3776e74) Importer(815301076,1909f56bfc062723c751e8b465ee728b) [PhysX] Initialized MultithreadedTaskDispatcher with 12 workers.
[PhysX] Initialized MultithreadedTaskDispatcher with 12 workers.
 -> (artifact id: '7447628c7b783ccc44ae42b1f4e16e6b') in 0.024500 seconds
Number of updated asset objects reloaded before import = 0
Number of asset objects unloaded after import = 10
========================================================================
Received Import Request.
  Time since last request: 0.000042 seconds.
  path: Assets/Halloween Pack-Cemetery Snap/Prefabs/Gravestone S3.prefab
  artifactKey: Guid(56c7bd716806a8d4294e48963cb72ef7) Importer(815301076,1909f56bfc062723c751e8b465ee728b)
Start importing Assets/Halloween Pack-Cemetery Snap/Prefabs/Gravestone S3.prefab using Guid(56c7bd716806a8d4294e48963cb72ef7) Importer(815301076,1909f56bfc062723c751e8b465ee728b) [PhysX] Initialized MultithreadedTaskDispatcher with 12 workers.
[PhysX] Initialized MultithreadedTaskDispatcher with 12 workers.
 -> (artifact id: '7de9f47cdb61f12edba48645ded397c0') in 0.018888 seconds
Number of updated asset objects reloaded before import = 0
Number of asset objects unloaded after import = 10
========================================================================
Received Import Request.
  Time since last request: 0.000039 seconds.
  path: Assets/Halloween Pack-Cemetery Snap/Prefabs/Candle_H.prefab
  artifactKey: Guid(06f7b9d49d304ea438b6a98bddbe1aa8) Importer(815301076,1909f56bfc062723c751e8b465ee728b)
Start importing Assets/Halloween Pack-Cemetery Snap/Prefabs/Candle_H.prefab using Guid(06f7b9d49d304ea438b6a98bddbe1aa8) Importer(815301076,1909f56bfc062723c751e8b465ee728b) [PhysX] Initialized MultithreadedTaskDispatcher with 12 workers.
[PhysX] Initialized MultithreadedTaskDispatcher with 12 workers.
 -> (artifact id: '87c1cb7950c916c8f2f755f57ab52ef3') in 0.024475 seconds
Number of updated asset objects reloaded before import = 0
Number of asset objects unloaded after import = 12
========================================================================
Received Import Request.
  Time since last request: 0.000025 seconds.
  path: Assets/Halloween Pack-Cemetery Snap/Prefabs/Cemetery_Pillar A.prefab
  artifactKey: Guid(f36c14260df6a7b4796945148db729b0) Importer(815301076,1909f56bfc062723c751e8b465ee728b)
Start importing Assets/Halloween Pack-Cemetery Snap/Prefabs/Cemetery_Pillar A.prefab using Guid(f36c14260df6a7b4796945148db729b0) Importer(815301076,1909f56bfc062723c751e8b465ee728b) [PhysX] Initialized MultithreadedTaskDispatcher with 12 workers.
[PhysX] Initialized MultithreadedTaskDispatcher with 12 workers.
 -> (artifact id: '993fb54e3e1016ec3b202cd05b753ca8') in 0.024856 seconds
Number of updated asset objects reloaded before import = 0
Number of asset objects unloaded after import = 10
========================================================================
Received Import Request.
  Time since last request: 0.000022 seconds.
  path: Assets/Halloween Pack-Cemetery Snap/Prefabs/Grass_tile_corner_A.prefab
  artifactKey: Guid(9baced4e9ad602e448a8a160633fcd7f) Importer(815301076,1909f56bfc062723c751e8b465ee728b)
Start importing Assets/Halloween Pack-Cemetery Snap/Prefabs/Grass_tile_corner_A.prefab using Guid(9baced4e9ad602e448a8a160633fcd7f) Importer(815301076,1909f56bfc062723c751e8b465ee728b) [PhysX] Initialized MultithreadedTaskDispatcher with 12 workers.
[PhysX] Initialized MultithreadedTaskDispatcher with 12 workers.
 -> (artifact id: 'c4ea5347c42d2fc2c4f6b0776af47022') in 0.024875 seconds
Number of updated asset objects reloaded before import = 0
Number of asset objects unloaded after import = 10
========================================================================
Received Import Request.
  Time since last request: 0.000030 seconds.
  path: Assets/Halloween Pack-Cemetery Snap/Prefabs/Dirt_tile_C.prefab
  artifactKey: Guid(baf05ad2dd1f5094087dbee92b5cf61c) Importer(815301076,1909f56bfc062723c751e8b465ee728b)
Start importing Assets/Halloween Pack-Cemetery Snap/Prefabs/Dirt_tile_C.prefab using Guid(baf05ad2dd1f5094087dbee92b5cf61c) Importer(815301076,1909f56bfc062723c751e8b465ee728b) [PhysX] Initialized MultithreadedTaskDispatcher with 12 workers.
[PhysX] Initialized MultithreadedTaskDispatcher with 12 workers.
 -> (artifact id: '30ef7c41abb5e4f154a48e9b9c87ebd3') in 0.024922 seconds
Number of updated asset objects reloaded before import = 0
Number of asset objects unloaded after import = 10
========================================================================
Received Import Request.
  Time since last request: 0.000039 seconds.
  path: Assets/Halloween Pack-Cemetery Snap/Prefabs/Fence Wall B.prefab
  artifactKey: Guid(9553b621a564db5419b3bf2d8cd74852) Importer(815301076,1909f56bfc062723c751e8b465ee728b)
Start importing Assets/Halloween Pack-Cemetery Snap/Prefabs/Fence Wall B.prefab using Guid(9553b621a564db5419b3bf2d8cd74852) Importer(815301076,1909f56bfc062723c751e8b465ee728b) [PhysX] Initialized MultithreadedTaskDispatcher with 12 workers.
[PhysX] Initialized MultithreadedTaskDispatcher with 12 workers.
 -> (artifact id: '549ddecc97bae94c36d2c9fc1ff0ae32') in 0.023935 seconds
Number of updated asset objects reloaded before import = 0
Number of asset objects unloaded after import = 10
========================================================================
Received Import Request.
  Time since last request: 2.293093 seconds.
  path: Assets/Halloween Pack-Cemetery Snap/Prefabs/Gravestone_D_Destroyed.prefab
  artifactKey: Guid(b807924ec6858de438d0350c296d9e4d) Importer(815301076,1909f56bfc062723c751e8b465ee728b)
Start importing Assets/Halloween Pack-Cemetery Snap/Prefabs/Gravestone_D_Destroyed.prefab using Guid(b807924ec6858de438d0350c296d9e4d) Importer(815301076,1909f56bfc062723c751e8b465ee728b) [PhysX] Initialized MultithreadedTaskDispatcher with 12 workers.
[PhysX] Initialized MultithreadedTaskDispatcher with 12 workers.
 -> (artifact id: 'a09ed7e52b5a5fdcb99d16d6b36a7d69') in 0.013276 seconds
Number of updated asset objects reloaded before import = 0
Number of asset objects unloaded after import = 10
========================================================================
Received Import Request.
  Time since last request: 0.000020 seconds.
  path: Assets/Halloween Pack-Cemetery Snap/Prefabs/Gravestone_F_Destroyed.prefab
  artifactKey: Guid(7e0d7e9b64314f348bc1fb055d142d35) Importer(815301076,1909f56bfc062723c751e8b465ee728b)
Start importing Assets/Halloween Pack-Cemetery Snap/Prefabs/Gravestone_F_Destroyed.prefab using Guid(7e0d7e9b64314f348bc1fb055d142d35) Importer(815301076,1909f56bfc062723c751e8b465ee728b) [PhysX] Initialized MultithreadedTaskDispatcher with 12 workers.
[PhysX] Initialized MultithreadedTaskDispatcher with 12 workers.
 -> (artifact id: 'cd2ae7041a480687c8213822fd371d1c') in 0.022019 seconds
Number of updated asset objects reloaded before import = 0
Number of asset objects unloaded after import = 10
========================================================================
Received Import Request.
  Time since last request: 0.000024 seconds.
  path: Assets/Halloween Pack-Cemetery Snap/Prefabs/Gravestone_H_Destroyed.prefab
  artifactKey: Guid(8eaf9d922e4160345915258162909044) Importer(815301076,1909f56bfc062723c751e8b465ee728b)
Start importing Assets/Halloween Pack-Cemetery Snap/Prefabs/Gravestone_H_Destroyed.prefab using Guid(8eaf9d922e4160345915258162909044) Importer(815301076,1909f56bfc062723c751e8b465ee728b) [PhysX] Initialized MultithreadedTaskDispatcher with 12 workers.
[PhysX] Initialized MultithreadedTaskDispatcher with 12 workers.
 -> (artifact id: '607c932809bc802e4b4bff4fecae9c80') in 0.021084 seconds
Number of updated asset objects reloaded before import = 0
Number of asset objects unloaded after import = 10
========================================================================
Received Import Request.
  Time since last request: 0.000021 seconds.
  path: Assets/Halloween Pack-Cemetery Snap/Prefabs/Head_Candle_B.prefab
  artifactKey: Guid(3d076538d6e3aa24b9f7dba50f6dd5c4) Importer(815301076,1909f56bfc062723c751e8b465ee728b)
Start importing Assets/Halloween Pack-Cemetery Snap/Prefabs/Head_Candle_B.prefab using Guid(3d076538d6e3aa24b9f7dba50f6dd5c4) Importer(815301076,1909f56bfc062723c751e8b465ee728b) [PhysX] Initialized MultithreadedTaskDispatcher with 12 workers.
[PhysX] Initialized MultithreadedTaskDispatcher with 12 workers.
 -> (artifact id: '0843b3c89e02dd11c93494c85858e5b7') in 0.025693 seconds
Number of updated asset objects reloaded before import = 0
Number of asset objects unloaded after import = 11
========================================================================
Received Import Request.
  Time since last request: 0.000021 seconds.
  path: Assets/Halloween Pack-Cemetery Snap/Prefabs/Head_Candle_D.prefab
  artifactKey: Guid(6c614c98192c964489b8f234f55f4c80) Importer(815301076,1909f56bfc062723c751e8b465ee728b)
Start importing Assets/Halloween Pack-Cemetery Snap/Prefabs/Head_Candle_D.prefab using Guid(6c614c98192c964489b8f234f55f4c80) Importer(815301076,1909f56bfc062723c751e8b465ee728b) [PhysX] Initialized MultithreadedTaskDispatcher with 12 workers.
[PhysX] Initialized MultithreadedTaskDispatcher with 12 workers.
 -> (artifact id: '9ab30f182cf24a6c952621e2fd1a1b04') in 0.029048 seconds
Number of updated asset objects reloaded before import = 0
Number of asset objects unloaded after import = 11
========================================================================
Received Import Request.
  Time since last request: 0.000032 seconds.
  path: Assets/Halloween Pack-Cemetery Snap/Prefabs/Gravestone_F.prefab
  artifactKey: Guid(60ec5703451ac1544a5cf054ccafd957) Importer(815301076,1909f56bfc062723c751e8b465ee728b)
Start importing Assets/Halloween Pack-Cemetery Snap/Prefabs/Gravestone_F.prefab using Guid(60ec5703451ac1544a5cf054ccafd957) Importer(815301076,1909f56bfc062723c751e8b465ee728b) [PhysX] Initialized MultithreadedTaskDispatcher with 12 workers.
[PhysX] Initialized MultithreadedTaskDispatcher with 12 workers.
 -> (artifact id: 'b01c0cd2c5e4c44a3e672b67a1edb690') in 0.017628 seconds
Number of updated asset objects reloaded before import = 0
Number of asset objects unloaded after import = 10
========================================================================
Received Import Request.
  Time since last request: 0.185349 seconds.
  path: Assets/Halloween Pack-Cemetery Snap/Prefabs/Lantren_A.prefab
  artifactKey: Guid(f9083bd461dbaed4b939595b3050db99) Importer(815301076,1909f56bfc062723c751e8b465ee728b)
Start importing Assets/Halloween Pack-Cemetery Snap/Prefabs/Lantren_A.prefab using Guid(f9083bd461dbaed4b939595b3050db99) Importer(815301076,1909f56bfc062723c751e8b465ee728b) [PhysX] Initialized MultithreadedTaskDispatcher with 12 workers.
[PhysX] Initialized MultithreadedTaskDispatcher with 12 workers.
 -> (artifact id: '8febbd01e131fc1b6962f21ff0e44f2e') in 0.017928 seconds
Number of updated asset objects reloaded before import = 0
Number of asset objects unloaded after import = 11
========================================================================
Received Import Request.
  Time since last request: 0.000028 seconds.
  path: Assets/Halloween Pack-Cemetery Snap/Prefabs/Large Crypt.prefab
  artifactKey: Guid(ddcc657a15145024c99d55fcb80a68e6) Importer(815301076,1909f56bfc062723c751e8b465ee728b)
Start importing Assets/Halloween Pack-Cemetery Snap/Prefabs/Large Crypt.prefab using Guid(ddcc657a15145024c99d55fcb80a68e6) Importer(815301076,1909f56bfc062723c751e8b465ee728b) [PhysX] Initialized MultithreadedTaskDispatcher with 12 workers.
[PhysX] Initialized MultithreadedTaskDispatcher with 12 workers.
 -> (artifact id: 'd79bff3a60d2d1514160fc1b7cd14156') in 0.027004 seconds
Number of updated asset objects reloaded before import = 0
Number of asset objects unloaded after import = 10
========================================================================
Received Import Request.
  Time since last request: 0.000023 seconds.
  path: Assets/Halloween Pack-Cemetery Snap/Prefabs/Pumpkin_B.prefab
  artifactKey: Guid(fdf5bd1d78458b34eb35c5c6cc8dff33) Importer(815301076,1909f56bfc062723c751e8b465ee728b)
Start importing Assets/Halloween Pack-Cemetery Snap/Prefabs/Pumpkin_B.prefab using Guid(fdf5bd1d78458b34eb35c5c6cc8dff33) Importer(815301076,1909f56bfc062723c751e8b465ee728b) [PhysX] Initialized MultithreadedTaskDispatcher with 12 workers.
[PhysX] Initialized MultithreadedTaskDispatcher with 12 workers.
 -> (artifact id: '03f9f8fb091c5a84c63a8f67c0c90ece') in 0.026837 seconds
Number of updated asset objects reloaded before import = 0
Number of asset objects unloaded after import = 11
========================================================================
Received Import Request.
  Time since last request: 0.000037 seconds.
  path: Assets/Halloween Pack-Cemetery Snap/Prefabs/Pumpkin_E.prefab
  artifactKey: Guid(539b32ce3edabfa4a83beed7678cc3c6) Importer(815301076,1909f56bfc062723c751e8b465ee728b)
Start importing Assets/Halloween Pack-Cemetery Snap/Prefabs/Pumpkin_E.prefab using Guid(539b32ce3edabfa4a83beed7678cc3c6) Importer(815301076,1909f56bfc062723c751e8b465ee728b) [PhysX] Initialized MultithreadedTaskDispatcher with 12 workers.
[PhysX] Initialized MultithreadedTaskDispatcher with 12 workers.
 -> (artifact id: '62b50e582194739aef09476e9c162609') in 0.023297 seconds
Number of updated asset objects reloaded before import = 0
Number of asset objects unloaded after import = 11
========================================================================
Received Import Request.
  Time since last request: 0.000024 seconds.
  path: Assets/Halloween Pack-Cemetery Snap/Prefabs/Pumpkin_A.prefab
  artifactKey: Guid(2efd17ea6e088e4439727b6932594ef7) Importer(815301076,1909f56bfc062723c751e8b465ee728b)
Start importing Assets/Halloween Pack-Cemetery Snap/Prefabs/Pumpkin_A.prefab using Guid(2efd17ea6e088e4439727b6932594ef7) Importer(815301076,1909f56bfc062723c751e8b465ee728b) [PhysX] Initialized MultithreadedTaskDispatcher with 12 workers.
[PhysX] Initialized MultithreadedTaskDispatcher with 12 workers.
 -> (artifact id: '58eb7e9e0b436a9816c54236569ed0ae') in 0.031797 seconds
Number of updated asset objects reloaded before import = 0
Number of asset objects unloaded after import = 11
========================================================================
Received Import Request.
  Time since last request: 0.000032 seconds.
  path: Assets/Halloween Pack-Cemetery Snap/Prefabs/Rock_A.prefab
  artifactKey: Guid(b7f27d0cf1b8f444088c681fdd6c9768) Importer(815301076,1909f56bfc062723c751e8b465ee728b)
Start importing Assets/Halloween Pack-Cemetery Snap/Prefabs/Rock_A.prefab using Guid(b7f27d0cf1b8f444088c681fdd6c9768) Importer(815301076,1909f56bfc062723c751e8b465ee728b) [PhysX] Initialized MultithreadedTaskDispatcher with 12 workers.
[PhysX] Initialized MultithreadedTaskDispatcher with 12 workers.
 -> (artifact id: 'bc0592ce9cbaf52b6577e25ef8bafe17') in 0.031993 seconds
Number of updated asset objects reloaded before import = 0
Number of asset objects unloaded after import = 10
========================================================================
Received Import Request.
  Time since last request: 0.000025 seconds.
  path: Assets/Halloween Pack-Cemetery Snap/Prefabs/Pumpkin_G.prefab
  artifactKey: Guid(db7b4988fff0e3d4fa56725f08a32fd1) Importer(815301076,1909f56bfc062723c751e8b465ee728b)
Start importing Assets/Halloween Pack-Cemetery Snap/Prefabs/Pumpkin_G.prefab using Guid(db7b4988fff0e3d4fa56725f08a32fd1) Importer(815301076,1909f56bfc062723c751e8b465ee728b) [PhysX] Initialized MultithreadedTaskDispatcher with 12 workers.
[PhysX] Initialized MultithreadedTaskDispatcher with 12 workers.
 -> (artifact id: '631bec3634bbcd43cfce0358bd9fd7f8') in 0.024035 seconds
Number of updated asset objects reloaded before import = 0
Number of asset objects unloaded after import = 11
========================================================================
Received Import Request.
  Time since last request: 0.130129 seconds.
  path: Assets/Halloween Pack-Cemetery Snap/Prefabs/Sarcophagus_A.prefab
  artifactKey: Guid(c0b291beda7fe7c4da1dd428d9bff867) Importer(815301076,1909f56bfc062723c751e8b465ee728b)
Start importing Assets/Halloween Pack-Cemetery Snap/Prefabs/Sarcophagus_A.prefab using Guid(c0b291beda7fe7c4da1dd428d9bff867) Importer(815301076,1909f56bfc062723c751e8b465ee728b) [PhysX] Initialized MultithreadedTaskDispatcher with 12 workers.
[PhysX] Initialized MultithreadedTaskDispatcher with 12 workers.
 -> (artifact id: '916e6eaeadc44a7d91c9778128b35630') in 0.011952 seconds
Number of updated asset objects reloaded before import = 0
Number of asset objects unloaded after import = 10
========================================================================
Received Import Request.
  Time since last request: 0.006508 seconds.
  path: Assets/Halloween Pack-Cemetery Snap/Prefabs/Shovel.prefab
  artifactKey: Guid(e137e2fc58e8f874ea4aed04756ffa55) Importer(815301076,1909f56bfc062723c751e8b465ee728b)
Start importing Assets/Halloween Pack-Cemetery Snap/Prefabs/Shovel.prefab using Guid(e137e2fc58e8f874ea4aed04756ffa55) Importer(815301076,1909f56bfc062723c751e8b465ee728b) [PhysX] Initialized MultithreadedTaskDispatcher with 12 workers.
[PhysX] Initialized MultithreadedTaskDispatcher with 12 workers.
 -> (artifact id: '263069ba0dead7da858836d60ece7f5e') in 0.018401 seconds
Number of updated asset objects reloaded before import = 0
Number of asset objects unloaded after import = 10
========================================================================
Received Import Request.
  Time since last request: 0.000051 seconds.
  path: Assets/Halloween Pack-Cemetery Snap/Prefabs/Skeleton arm_up.prefab
  artifactKey: Guid(d523dc5e51658214ba9eb053ea86b7d6) Importer(815301076,1909f56bfc062723c751e8b465ee728b)
Start importing Assets/Halloween Pack-Cemetery Snap/Prefabs/Skeleton arm_up.prefab using Guid(d523dc5e51658214ba9eb053ea86b7d6) Importer(815301076,1909f56bfc062723c751e8b465ee728b) [PhysX] Initialized MultithreadedTaskDispatcher with 12 workers.
[PhysX] Initialized MultithreadedTaskDispatcher with 12 workers.
 -> (artifact id: '9656fa2a3064f75631ce0f3dc6107651') in 0.020062 seconds
Number of updated asset objects reloaded before import = 0
Number of asset objects unloaded after import = 10
========================================================================
Received Import Request.
  Time since last request: 0.000031 seconds.
  path: Assets/Halloween Pack-Cemetery Snap/Prefabs/Skeleton head.prefab
  artifactKey: Guid(52d7cfb6572391e488c86985e8f073ae) Importer(815301076,1909f56bfc062723c751e8b465ee728b)
Start importing Assets/Halloween Pack-Cemetery Snap/Prefabs/Skeleton head.prefab using Guid(52d7cfb6572391e488c86985e8f073ae) Importer(815301076,1909f56bfc062723c751e8b465ee728b) [PhysX] Initialized MultithreadedTaskDispatcher with 12 workers.
[PhysX] Initialized MultithreadedTaskDispatcher with 12 workers.
 -> (artifact id: 'b5c85e1d5e324f745b602ef78d3df5de') in 0.021446 seconds
Number of updated asset objects reloaded before import = 0
Number of asset objects unloaded after import = 10
========================================================================
Received Import Request.
  Time since last request: 0.000037 seconds.
  path: Assets/Halloween Pack-Cemetery Snap/Prefabs/Skeleton_pelvis_ribs.prefab
  artifactKey: Guid(76d65dcdb7bd4f24ca8b3deb5c071678) Importer(815301076,1909f56bfc062723c751e8b465ee728b)
Start importing Assets/Halloween Pack-Cemetery Snap/Prefabs/Skeleton_pelvis_ribs.prefab using Guid(76d65dcdb7bd4f24ca8b3deb5c071678) Importer(815301076,1909f56bfc062723c751e8b465ee728b) [PhysX] Initialized MultithreadedTaskDispatcher with 12 workers.
[PhysX] Initialized MultithreadedTaskDispatcher with 12 workers.
 -> (artifact id: 'c7988d7fb6cf313c31d20025884df886') in 0.026292 seconds
Number of updated asset objects reloaded before import = 0
Number of asset objects unloaded after import = 10
========================================================================
Received Import Request.
  Time since last request: 0.000039 seconds.
  path: Assets/Halloween Pack-Cemetery Snap/Prefabs/skeleton_left_leg_A.prefab
  artifactKey: Guid(bdd249a52fa51674ba271d0c481f1a8b) Importer(815301076,1909f56bfc062723c751e8b465ee728b)
Start importing Assets/Halloween Pack-Cemetery Snap/Prefabs/skeleton_left_leg_A.prefab using Guid(bdd249a52fa51674ba271d0c481f1a8b) Importer(815301076,1909f56bfc062723c751e8b465ee728b) [PhysX] Initialized MultithreadedTaskDispatcher with 12 workers.
[PhysX] Initialized MultithreadedTaskDispatcher with 12 workers.
 -> (artifact id: '47a5362bc85a8adf5956592c54ff3713') in 0.025549 seconds
Number of updated asset objects reloaded before import = 0
Number of asset objects unloaded after import = 10
========================================================================
Received Import Request.
  Time since last request: 0.044039 seconds.
  path: Assets/Halloween Pack-Cemetery Snap/Prefabs/Skeleton_right_arm_B.prefab
  artifactKey: Guid(628062f587c6d8a44b4956bc7bc9354e) Importer(815301076,1909f56bfc062723c751e8b465ee728b)
Start importing Assets/Halloween Pack-Cemetery Snap/Prefabs/Skeleton_right_arm_B.prefab using Guid(628062f587c6d8a44b4956bc7bc9354e) Importer(815301076,1909f56bfc062723c751e8b465ee728b) [PhysX] Initialized MultithreadedTaskDispatcher with 12 workers.
[PhysX] Initialized MultithreadedTaskDispatcher with 12 workers.
 -> (artifact id: '1ec59f4114fec4898a713a62a36c5cfb') in 0.017855 seconds
Number of updated asset objects reloaded before import = 0
Number of asset objects unloaded after import = 10
========================================================================
Received Import Request.
  Time since last request: 0.000022 seconds.
  path: Assets/Halloween Pack-Cemetery Snap/Prefabs/Small Crypt.prefab
  artifactKey: Guid(c698985a1ca7d654592eb09e0dd50b32) Importer(815301076,1909f56bfc062723c751e8b465ee728b)
Start importing Assets/Halloween Pack-Cemetery Snap/Prefabs/Small Crypt.prefab using Guid(c698985a1ca7d654592eb09e0dd50b32) Importer(815301076,1909f56bfc062723c751e8b465ee728b) [PhysX] Initialized MultithreadedTaskDispatcher with 12 workers.
[PhysX] Initialized MultithreadedTaskDispatcher with 12 workers.
 -> (artifact id: '2bcb2d618710cef33b9c49450a12cc6b') in 0.013590 seconds
Number of updated asset objects reloaded before import = 0
Number of asset objects unloaded after import = 10
========================================================================
Received Import Request.
  Time since last request: 0.000023 seconds.
  path: Assets/Halloween Pack-Cemetery Snap/Prefabs/Spooky Tree_ D.prefab
  artifactKey: Guid(43d4f8f62219d094dbc663d3e9717391) Importer(815301076,1909f56bfc062723c751e8b465ee728b)
Start importing Assets/Halloween Pack-Cemetery Snap/Prefabs/Spooky Tree_ D.prefab using Guid(43d4f8f62219d094dbc663d3e9717391) Importer(815301076,1909f56bfc062723c751e8b465ee728b) [PhysX] Initialized MultithreadedTaskDispatcher with 12 workers.
[PhysX] Initialized MultithreadedTaskDispatcher with 12 workers.
 -> (artifact id: '425ba8dd472e51098f386674927ca71b') in 0.025071 seconds
Number of updated asset objects reloaded before import = 0
Number of asset objects unloaded after import = 12
========================================================================
Received Import Request.
  Time since last request: 0.446455 seconds.
  path: Assets/Halloween Pack-Cemetery Snap/Prefabs/Spooky_Mushroom_B.prefab
  artifactKey: Guid(46787c0ca02578e40ab1a18b749a4ff1) Importer(815301076,1909f56bfc062723c751e8b465ee728b)
Start importing Assets/Halloween Pack-Cemetery Snap/Prefabs/Spooky_Mushroom_B.prefab using Guid(46787c0ca02578e40ab1a18b749a4ff1) Importer(815301076,1909f56bfc062723c751e8b465ee728b) [PhysX] Initialized MultithreadedTaskDispatcher with 12 workers.
[PhysX] Initialized MultithreadedTaskDispatcher with 12 workers.
 -> (artifact id: '5c9d11bd17c67bb1cbc82c284d621898') in 0.013024 seconds
Number of updated asset objects reloaded before import = 0
Number of asset objects unloaded after import = 10
========================================================================
Received Import Request.
  Time since last request: 0.001271 seconds.
  path: Assets/Halloween Pack-Cemetery Snap/Prefabs/Stone_patterns_Cross.prefab
  artifactKey: Guid(1dfd0bd1c4821b649a95c441948f6f15) Importer(815301076,1909f56bfc062723c751e8b465ee728b)
Start importing Assets/Halloween Pack-Cemetery Snap/Prefabs/Stone_patterns_Cross.prefab using Guid(1dfd0bd1c4821b649a95c441948f6f15) Importer(815301076,1909f56bfc062723c751e8b465ee728b) [PhysX] Initialized MultithreadedTaskDispatcher with 12 workers.
[PhysX] Initialized MultithreadedTaskDispatcher with 12 workers.
 -> (artifact id: '50619fa7d257750c849c2e7bdd78e44c') in 0.016873 seconds
Number of updated asset objects reloaded before import = 0
Number of asset objects unloaded after import = 10
========================================================================
Received Import Request.
  Time since last request: 0.005473 seconds.
  path: Assets/Halloween Pack-Cemetery Snap/Prefabs/Stone_patterns_Turn.prefab
  artifactKey: Guid(ac41ff41d2bb45445afb767b241d76be) Importer(815301076,1909f56bfc062723c751e8b465ee728b)
Start importing Assets/Halloween Pack-Cemetery Snap/Prefabs/Stone_patterns_Turn.prefab using Guid(ac41ff41d2bb45445afb767b241d76be) Importer(815301076,1909f56bfc062723c751e8b465ee728b) [PhysX] Initialized MultithreadedTaskDispatcher with 12 workers.
[PhysX] Initialized MultithreadedTaskDispatcher with 12 workers.
 -> (artifact id: '38466b7ac6682be0193ff9e755a1dc00') in 0.018075 seconds
Number of updated asset objects reloaded before import = 0
Number of asset objects unloaded after import = 10
========================================================================
Received Import Request.
  Time since last request: 0.001923 seconds.
  path: Assets/Halloween Pack-Cemetery Snap/Prefabs/Street lamp_C.prefab
  artifactKey: Guid(5613e0c501b5a454582ca84bfea7bc55) Importer(815301076,1909f56bfc062723c751e8b465ee728b)
Start importing Assets/Halloween Pack-Cemetery Snap/Prefabs/Street lamp_C.prefab using Guid(5613e0c501b5a454582ca84bfea7bc55) Importer(815301076,1909f56bfc062723c751e8b465ee728b) [PhysX] Initialized MultithreadedTaskDispatcher with 12 workers.
[PhysX] Initialized MultithreadedTaskDispatcher with 12 workers.
 -> (artifact id: '308b346322c4cd1832b1c640383b3080') in 0.014804 seconds
Number of updated asset objects reloaded before import = 0
Number of asset objects unloaded after import = 11
========================================================================
Received Import Request.
  Time since last request: 0.748944 seconds.
  path: Assets/Halloween Pack-Cemetery Snap/Prefabs/Witch Hat.prefab
  artifactKey: Guid(8ed2a5651976f214ba27cbc9b1f9fcc4) Importer(815301076,1909f56bfc062723c751e8b465ee728b)
Start importing Assets/Halloween Pack-Cemetery Snap/Prefabs/Witch Hat.prefab using Guid(8ed2a5651976f214ba27cbc9b1f9fcc4) Importer(815301076,1909f56bfc062723c751e8b465ee728b) [PhysX] Initialized MultithreadedTaskDispatcher with 12 workers.
[PhysX] Initialized MultithreadedTaskDispatcher with 12 workers.
 -> (artifact id: 'd2cfa283f249e4eaea3955dd73aaa78a') in 0.011930 seconds
Number of updated asset objects reloaded before import = 0
Number of asset objects unloaded after import = 10
========================================================================
Received Import Request.
  Time since last request: 0.005271 seconds.
  path: Assets/Halloween Pack-Cemetery Snap/Prefabs/Zombie_Hand.prefab
  artifactKey: Guid(952993bf12e7814498676b0552b5f3bf) Importer(815301076,1909f56bfc062723c751e8b465ee728b)
Start importing Assets/Halloween Pack-Cemetery Snap/Prefabs/Zombie_Hand.prefab using Guid(952993bf12e7814498676b0552b5f3bf) Importer(815301076,1909f56bfc062723c751e8b465ee728b) [PhysX] Initialized MultithreadedTaskDispatcher with 12 workers.
[PhysX] Initialized MultithreadedTaskDispatcher with 12 workers.
 -> (artifact id: 'e7a20adac2f0153fb750a2baa457aee6') in 0.024132 seconds
Number of updated asset objects reloaded before import = 0
Number of asset objects unloaded after import = 10
========================================================================
Received Prepare
Caller must complete domain reload
Begin MonoManager ReloadAssembly
- Loaded All Assemblies, in  0.379 seconds
Native extension for WindowsStandalone target not found
[Package Manager] Server::EnsureServerProcessIsRunning -- launch failed, reason: Unity was launched with the -noUpm command-line argument
[Package Manager] UpmClient::Send -- Unable to send message (not connected to UPM process).
[Package Manager] Cannot connect to Unity Package Manager local server
Mono: successfully reloaded assembly
- Finished resetting the current domain, in  1.001 seconds
Domain Reload Profiling: 1380ms
	BeginReloadAssembly (153ms)
		ExecutionOrderSort (0ms)
		DisableScriptedObjects (6ms)
		BackupInstance (0ms)
		ReleaseScriptingObjects (0ms)
		CreateAndSetChildDomain (43ms)
	RebuildCommonClasses (34ms)
	RebuildNativeTypeToScriptingClass (12ms)
	initialDomainReloadingComplete (23ms)
	LoadAllAssembliesAndSetupDomain (157ms)
		LoadAssemblies (220ms)
		RebuildTransferFunctionScriptingTraits (0ms)
		AnalyzeDomain (12ms)
			TypeCache.Refresh (6ms)
				TypeCache.ScanAssembly (0ms)
			ScanForSourceGeneratedMonoScriptInfo (0ms)
			ResolveRequiredComponents (5ms)
	FinalizeReload (1002ms)
		ReleaseScriptCaches (0ms)
		RebuildScriptCaches (0ms)
		SetupLoadedEditorAssemblies (530ms)
			LogAssemblyErrors (0ms)
			InitializePlatformSupportModulesInManaged (4ms)
			SetLoadedEditorAssemblies (5ms)
			RefreshPlugins (0ms)
			BeforeProcessingInitializeOnLoad (57ms)
			ProcessInitializeOnLoadAttributes (434ms)
			ProcessInitializeOnLoadMethodAttributes (28ms)
			AfterProcessingInitializeOnLoad (3ms)
			EditorAssembliesLoaded (0ms)
		ExecutionOrderSort2 (0ms)
		AwakeInstancesAfterBackupRestoration (8ms)
Refreshing native plugins compatible for Editor in 2.37 ms, found 3 plugins.
Preloading 0 native plugins for Editor in 0.00 ms.
Unloading 3658 Unused Serialized files (Serialized files now loaded: 0)
Unloading 27 unused Assets / (1.8 MB). Loaded Objects now: 4262.
Memory consumption went from 160.1 MB to 158.3 MB.
Total: 3.223900 ms (FindLiveObjects: 0.332300 ms CreateObjectMapping: 0.150000 ms MarkObjects: 2.357700 ms  DeleteObjects: 0.382400 ms)

Prepare: number of updated asset objects reloaded= 0
AssetImportParameters requested are different than current active one (requested -> active):
  custom:container-demuxer-ogg: 62fdf1f143b41e24485cea50d1cbac27 -> 
  custom:video-decoder-ogg-theora: a1e56fd34408186e4bbccfd4996cb3dc -> 
  custom:framework-win-MediaFoundation: 216162199b28c13a410421893ffa2e32 -> 
  custom:CustomObjectIndexerAttribute: 9a22284fe3817be447336de3de66b15e -> 
  custom:container-demuxer-webm: 4f35f7cbe854078d1ac9338744f61a02 -> 
  custom:container-muxer-webm: aa71ff27fc2769a1b78a27578f13a17b -> 
  custom:video-decoder-webm-vp8: 9c59270c3fd7afecdb556c50c9e8de78 -> 
  custom:SearchIndexIgnoredProperties: e643bd26f0fe6173181afceb89e7c659 -> 
  custom:AudioImporter_EditorPlatform: d09bf68614088b80899f8185d706f6e7 -> 
  custom:video-encoder-webm-vp8: eb34c28f22e8b96e1ab97ce403110664 -> 
  custom:audio-decoder-ogg-vorbis: bf7c407c2cedff20999df2af8eb42d56 -> 
  custom:audio-encoder-webm-vorbis: bf7c407c2cedff20999df2af8eb42d56 -> 
========================================================================
Received Prepare
Caller must complete domain reload
Begin MonoManager ReloadAssembly
- Loaded All Assemblies, in  0.356 seconds
Native extension for WindowsStandalone target not found
[Package Manager] Server::EnsureServerProcessIsRunning -- launch failed, reason: Unity was launched with the -noUpm command-line argument
[Package Manager] UpmClient::Send -- Unable to send message (not connected to UPM process).
[Package Manager] Cannot connect to Unity Package Manager local server
Mono: successfully reloaded assembly
- Finished resetting the current domain, in  0.905 seconds
Domain Reload Profiling: 1262ms
	BeginReloadAssembly (127ms)
		ExecutionOrderSort (0ms)
		DisableScriptedObjects (6ms)
		BackupInstance (0ms)
		ReleaseScriptingObjects (0ms)
		CreateAndSetChildDomain (29ms)
	RebuildCommonClasses (33ms)
	RebuildNativeTypeToScriptingClass (12ms)
	initialDomainReloadingComplete (19ms)
	LoadAllAssembliesAndSetupDomain (165ms)
		LoadAssemblies (216ms)
		RebuildTransferFunctionScriptingTraits (0ms)
		AnalyzeDomain (14ms)
			TypeCache.Refresh (7ms)
				TypeCache.ScanAssembly (0ms)
			ScanForSourceGeneratedMonoScriptInfo (0ms)
			ResolveRequiredComponents (6ms)
	FinalizeReload (906ms)
		ReleaseScriptCaches (0ms)
		RebuildScriptCaches (0ms)
		SetupLoadedEditorAssemblies (464ms)
			LogAssemblyErrors (0ms)
			InitializePlatformSupportModulesInManaged (4ms)
			SetLoadedEditorAssemblies (5ms)
			RefreshPlugins (0ms)
			BeforeProcessingInitializeOnLoad (60ms)
			ProcessInitializeOnLoadAttributes (365ms)
			ProcessInitializeOnLoadMethodAttributes (27ms)
			AfterProcessingInitializeOnLoad (2ms)
			EditorAssembliesLoaded (0ms)
		ExecutionOrderSort2 (0ms)
		AwakeInstancesAfterBackupRestoration (7ms)
Refreshing native plugins compatible for Editor in 2.89 ms, found 3 plugins.
Preloading 0 native plugins for Editor in 0.00 ms.
Unloading 3659 Unused Serialized files (Serialized files now loaded: 0)
Unloading 27 unused Assets / (1.8 MB). Loaded Objects now: 4265.
Memory consumption went from 160.4 MB to 158.6 MB.
Total: 4.023900 ms (FindLiveObjects: 0.298500 ms CreateObjectMapping: 0.138900 ms MarkObjects: 3.226300 ms  DeleteObjects: 0.358900 ms)

Prepare: number of updated asset objects reloaded= 0
AssetImportParameters requested are different than current active one (requested -> active):
  custom:container-demuxer-ogg: 62fdf1f143b41e24485cea50d1cbac27 -> 
  custom:video-decoder-ogg-theora: a1e56fd34408186e4bbccfd4996cb3dc -> 
  custom:framework-win-MediaFoundation: 216162199b28c13a410421893ffa2e32 -> 
  custom:CustomObjectIndexerAttribute: 9a22284fe3817be447336de3de66b15e -> 
  custom:container-demuxer-webm: 4f35f7cbe854078d1ac9338744f61a02 -> 
  custom:container-muxer-webm: aa71ff27fc2769a1b78a27578f13a17b -> 
  custom:video-decoder-webm-vp8: 9c59270c3fd7afecdb556c50c9e8de78 -> 
  custom:SearchIndexIgnoredProperties: e643bd26f0fe6173181afceb89e7c659 -> 
  custom:AudioImporter_EditorPlatform: d09bf68614088b80899f8185d706f6e7 -> 
  custom:video-encoder-webm-vp8: eb34c28f22e8b96e1ab97ce403110664 -> 
  custom:audio-decoder-ogg-vorbis: bf7c407c2cedff20999df2af8eb42d56 -> 
  custom:audio-encoder-webm-vorbis: bf7c407c2cedff20999df2af8eb42d56 -> 
========================================================================
Received Import Request.
  Time since last request: 378.781104 seconds.
  path: Assets/polyperfect/Poly Halloween/- Prefabs/Halloween/book-evil-open.prefab
  artifactKey: Guid(df9d3a724209f5946aa73accb4fc07fd) Importer(815301076,1909f56bfc062723c751e8b465ee728b)
Start importing Assets/polyperfect/Poly Halloween/- Prefabs/Halloween/book-evil-open.prefab using Guid(df9d3a724209f5946aa73accb4fc07fd) Importer(815301076,1909f56bfc062723c751e8b465ee728b) [PhysX] Initialized MultithreadedTaskDispatcher with 12 workers.
[PhysX] Initialized MultithreadedTaskDispatcher with 12 workers.
 -> (artifact id: '9a7120a976914b47391667af44573f15') in 0.121852 seconds
Number of updated asset objects reloaded before import = 0
Number of asset objects unloaded after import = 13
========================================================================
Received Import Request.
  Time since last request: 0.000023 seconds.
  path: Assets/polyperfect/Poly Halloween/- Prefabs/Halloween/candle-stick-b-lit.prefab
  artifactKey: Guid(0e9693ac26dbb2a4db66ef31594e5778) Importer(815301076,1909f56bfc062723c751e8b465ee728b)
Start importing Assets/polyperfect/Poly Halloween/- Prefabs/Halloween/candle-stick-b-lit.prefab using Guid(0e9693ac26dbb2a4db66ef31594e5778) Importer(815301076,1909f56bfc062723c751e8b465ee728b) [PhysX] Initialized MultithreadedTaskDispatcher with 12 workers.
[PhysX] Initialized MultithreadedTaskDispatcher with 12 workers.
 -> (artifact id: '9326dcf68b96da4a9213ab692fb06a4b') in 0.035608 seconds
Number of updated asset objects reloaded before import = 0
Number of asset objects unloaded after import = 12
========================================================================
Received Import Request.
  Time since last request: 0.000023 seconds.
  path: Assets/polyperfect/Poly Halloween/- Prefabs/Halloween/candy-pumpkin.prefab
  artifactKey: Guid(02a2903fd6ff3bb46b4e541371cc79e4) Importer(815301076,1909f56bfc062723c751e8b465ee728b)
Start importing Assets/polyperfect/Poly Halloween/- Prefabs/Halloween/candy-pumpkin.prefab using Guid(02a2903fd6ff3bb46b4e541371cc79e4) Importer(815301076,1909f56bfc062723c751e8b465ee728b) [PhysX] Initialized MultithreadedTaskDispatcher with 12 workers.
[PhysX] Initialized MultithreadedTaskDispatcher with 12 workers.
 -> (artifact id: '0a88d9736c9f90ad1cfbab19c5431124') in 0.028282 seconds
Number of updated asset objects reloaded before import = 0
Number of asset objects unloaded after import = 12
========================================================================
Received Import Request.
  Time since last request: 0.000028 seconds.
  path: Assets/polyperfect/Poly Halloween/- Prefabs/Halloween/candy-corn.prefab
  artifactKey: Guid(ea6d0d79c6f9e514c9c7594bbaeac82f) Importer(815301076,1909f56bfc062723c751e8b465ee728b)
Start importing Assets/polyperfect/Poly Halloween/- Prefabs/Halloween/candy-corn.prefab using Guid(ea6d0d79c6f9e514c9c7594bbaeac82f) Importer(815301076,1909f56bfc062723c751e8b465ee728b) [PhysX] Initialized MultithreadedTaskDispatcher with 12 workers.
[PhysX] Initialized MultithreadedTaskDispatcher with 12 workers.
 -> (artifact id: '7e2e67671689b152aa84812d45bdc736') in 0.034546 seconds
Number of updated asset objects reloaded before import = 0
Number of asset objects unloaded after import = 12
========================================================================
Received Import Request.
  Time since last request: 0.000020 seconds.
  path: Assets/polyperfect/Poly Halloween/- Prefabs/Halloween/candy-stick.prefab
  artifactKey: Guid(7af4f0a4609974949a9a0ee588dd2f57) Importer(815301076,1909f56bfc062723c751e8b465ee728b)
Start importing Assets/polyperfect/Poly Halloween/- Prefabs/Halloween/candy-stick.prefab using Guid(7af4f0a4609974949a9a0ee588dd2f57) Importer(815301076,1909f56bfc062723c751e8b465ee728b) [PhysX] Initialized MultithreadedTaskDispatcher with 12 workers.
[PhysX] Initialized MultithreadedTaskDispatcher with 12 workers.
 -> (artifact id: 'e5c6947e7bf4d784b56e4bcc9e388acb') in 0.030310 seconds
Number of updated asset objects reloaded before import = 0
Number of asset objects unloaded after import = 12
========================================================================
Received Import Request.
  Time since last request: 0.000020 seconds.
  path: Assets/polyperfect/Poly Halloween/- Prefabs/Halloween/gravestone-old-small-b.prefab
  artifactKey: Guid(d9b0ea3d8b855e64e90499c5d5981ac7) Importer(815301076,1909f56bfc062723c751e8b465ee728b)
Start importing Assets/polyperfect/Poly Halloween/- Prefabs/Halloween/gravestone-old-small-b.prefab using Guid(d9b0ea3d8b855e64e90499c5d5981ac7) Importer(815301076,1909f56bfc062723c751e8b465ee728b) [PhysX] Initialized MultithreadedTaskDispatcher with 12 workers.
[PhysX] Initialized MultithreadedTaskDispatcher with 12 workers.
 -> (artifact id: '359abd0fc2de47e286ecfbf4efbb4e1a') in 0.018811 seconds
Number of updated asset objects reloaded before import = 0
Number of asset objects unloaded after import = 12
========================================================================
Received Import Request.
  Time since last request: 0.000030 seconds.
  path: Assets/polyperfect/Poly Halloween/- Prefabs/Halloween/book-magical-eye.prefab
  artifactKey: Guid(cac386581a232d24f873b482684674bd) Importer(815301076,1909f56bfc062723c751e8b465ee728b)
Start importing Assets/polyperfect/Poly Halloween/- Prefabs/Halloween/book-magical-eye.prefab using Guid(cac386581a232d24f873b482684674bd) Importer(815301076,1909f56bfc062723c751e8b465ee728b) [PhysX] Initialized MultithreadedTaskDispatcher with 12 workers.
[PhysX] Initialized MultithreadedTaskDispatcher with 12 workers.
 -> (artifact id: 'a96ea46dabbe58f9f0f85df110a6cbd7') in 0.025818 seconds
Number of updated asset objects reloaded before import = 0
Number of asset objects unloaded after import = 12
========================================================================
Received Import Request.
  Time since last request: 0.000028 seconds.
  path: Assets/polyperfect/Poly Halloween/- Prefabs/Halloween/lanterns-on-string-5m.prefab
  artifactKey: Guid(995e3c8df9e740948b260bfa99b6c405) Importer(815301076,1909f56bfc062723c751e8b465ee728b)
Start importing Assets/polyperfect/Poly Halloween/- Prefabs/Halloween/lanterns-on-string-5m.prefab using Guid(995e3c8df9e740948b260bfa99b6c405) Importer(815301076,1909f56bfc062723c751e8b465ee728b) [PhysX] Initialized MultithreadedTaskDispatcher with 12 workers.
[PhysX] Initialized MultithreadedTaskDispatcher with 12 workers.
 -> (artifact id: '80b127cb2ac845d8b3c1ac8f9dac9f0d') in 0.027245 seconds
Number of updated asset objects reloaded before import = 0
Number of asset objects unloaded after import = 11
========================================================================
Received Import Request.
  Time since last request: 0.000033 seconds.
  path: Assets/polyperfect/Poly Halloween/- Prefabs/Halloween/mushroom-magical-amanita-baby.prefab
  artifactKey: Guid(33fd26760d9e0744882bcc652ba86ae0) Importer(815301076,1909f56bfc062723c751e8b465ee728b)
Start importing Assets/polyperfect/Poly Halloween/- Prefabs/Halloween/mushroom-magical-amanita-baby.prefab using Guid(33fd26760d9e0744882bcc652ba86ae0) Importer(815301076,1909f56bfc062723c751e8b465ee728b) [PhysX] Initialized MultithreadedTaskDispatcher with 12 workers.
[PhysX] Initialized MultithreadedTaskDispatcher with 12 workers.
 -> (artifact id: '387984edfdf8b50191b41b8b63c33510') in 0.018281 seconds
Number of updated asset objects reloaded before import = 0
Number of asset objects unloaded after import = 12
========================================================================
Received Import Request.
  Time since last request: 0.000020 seconds.
  path: Assets/polyperfect/Poly Halloween/- Prefabs/Halloween/mushroom-magical-champignon-a.prefab
  artifactKey: Guid(d612f6a8366b16945939d1cf3ef5ae37) Importer(815301076,1909f56bfc062723c751e8b465ee728b)
Start importing Assets/polyperfect/Poly Halloween/- Prefabs/Halloween/mushroom-magical-champignon-a.prefab using Guid(d612f6a8366b16945939d1cf3ef5ae37) Importer(815301076,1909f56bfc062723c751e8b465ee728b) [PhysX] Initialized MultithreadedTaskDispatcher with 12 workers.
[PhysX] Initialized MultithreadedTaskDispatcher with 12 workers.
 -> (artifact id: '70c46656ad27b18065369334a00b5e44') in 0.025023 seconds
Number of updated asset objects reloaded before import = 0
Number of asset objects unloaded after import = 12
========================================================================
Received Import Request.
  Time since last request: 0.000022 seconds.
  path: Assets/polyperfect/Poly Halloween/- Prefabs/Halloween/mushroom-magical-cluster-a.prefab
  artifactKey: Guid(17ecc69fedc732d4b96ab4722d7dd95f) Importer(815301076,1909f56bfc062723c751e8b465ee728b)
Start importing Assets/polyperfect/Poly Halloween/- Prefabs/Halloween/mushroom-magical-cluster-a.prefab using Guid(17ecc69fedc732d4b96ab4722d7dd95f) Importer(815301076,1909f56bfc062723c751e8b465ee728b) [PhysX] Initialized MultithreadedTaskDispatcher with 12 workers.
[PhysX] Initialized MultithreadedTaskDispatcher with 12 workers.
 -> (artifact id: '3d9b5c6f62a2fd453597ce1c808102f5') in 0.032589 seconds
Number of updated asset objects reloaded before import = 0
Number of asset objects unloaded after import = 12
========================================================================
Received Import Request.
  Time since last request: 0.000026 seconds.
  path: Assets/polyperfect/Poly Halloween/- Prefabs/Halloween/mushroom-magical-champignon-c.prefab
  artifactKey: Guid(813c4a802d5e4cf48a8c35827d1e21d7) Importer(815301076,1909f56bfc062723c751e8b465ee728b)
Start importing Assets/polyperfect/Poly Halloween/- Prefabs/Halloween/mushroom-magical-champignon-c.prefab using Guid(813c4a802d5e4cf48a8c35827d1e21d7) Importer(815301076,1909f56bfc062723c751e8b465ee728b) [PhysX] Initialized MultithreadedTaskDispatcher with 12 workers.
[PhysX] Initialized MultithreadedTaskDispatcher with 12 workers.
 -> (artifact id: '9579f6b6cf501064e7441acb41b37585') in 0.033808 seconds
Number of updated asset objects reloaded before import = 0
Number of asset objects unloaded after import = 12
========================================================================
Received Import Request.
  Time since last request: 0.000031 seconds.
  path: Assets/polyperfect/Poly Halloween/- Prefabs/Halloween/candle-skull-unlit.prefab
  artifactKey: Guid(5cd97b84979069440ad59df73c135724) Importer(815301076,1909f56bfc062723c751e8b465ee728b)
Start importing Assets/polyperfect/Poly Halloween/- Prefabs/Halloween/candle-skull-unlit.prefab using Guid(5cd97b84979069440ad59df73c135724) Importer(815301076,1909f56bfc062723c751e8b465ee728b) [PhysX] Initialized MultithreadedTaskDispatcher with 12 workers.
[PhysX] Initialized MultithreadedTaskDispatcher with 12 workers.
 -> (artifact id: 'c776ae1dac0e928c52617c044039d710') in 0.024686 seconds
Number of updated asset objects reloaded before import = 0
Number of asset objects unloaded after import = 12
========================================================================
Received Import Request.
  Time since last request: 0.000020 seconds.
  path: Assets/polyperfect/Poly Halloween/- Prefabs/Halloween/lollipop-flat-a.prefab
  artifactKey: Guid(235453bd5573550408d145c0b6db75dc) Importer(815301076,1909f56bfc062723c751e8b465ee728b)
Start importing Assets/polyperfect/Poly Halloween/- Prefabs/Halloween/lollipop-flat-a.prefab using Guid(235453bd5573550408d145c0b6db75dc) Importer(815301076,1909f56bfc062723c751e8b465ee728b) [PhysX] Initialized MultithreadedTaskDispatcher with 12 workers.
[PhysX] Initialized MultithreadedTaskDispatcher with 12 workers.
 -> (artifact id: 'aa6f9dd4f019f7c0502abb7ae44a315d') in 0.041670 seconds
Number of updated asset objects reloaded before import = 0
Number of asset objects unloaded after import = 12
========================================================================
Received Import Request.
  Time since last request: 0.000028 seconds.
  path: Assets/polyperfect/Poly Halloween/- Prefabs/Halloween/gravestone-old-small-a.prefab
  artifactKey: Guid(71715a5082fc03548a75f67b89faf87b) Importer(815301076,1909f56bfc062723c751e8b465ee728b)
Start importing Assets/polyperfect/Poly Halloween/- Prefabs/Halloween/gravestone-old-small-a.prefab using Guid(71715a5082fc03548a75f67b89faf87b) Importer(815301076,1909f56bfc062723c751e8b465ee728b) [PhysX] Initialized MultithreadedTaskDispatcher with 12 workers.
[PhysX] Initialized MultithreadedTaskDispatcher with 12 workers.
 -> (artifact id: 'cc771aaa02d0fc310cb8a606ff66f923') in 0.038497 seconds
Number of updated asset objects reloaded before import = 0
Number of asset objects unloaded after import = 12
========================================================================
Received Import Request.
  Time since last request: 0.000024 seconds.
  path: Assets/polyperfect/Poly Halloween/- Prefabs/Halloween/gibbet.prefab
  artifactKey: Guid(9166965b178875f48988f6fc3e2b3ff8) Importer(815301076,1909f56bfc062723c751e8b465ee728b)
Start importing Assets/polyperfect/Poly Halloween/- Prefabs/Halloween/gibbet.prefab using Guid(9166965b178875f48988f6fc3e2b3ff8) Importer(815301076,1909f56bfc062723c751e8b465ee728b) [PhysX] Initialized MultithreadedTaskDispatcher with 12 workers.
[PhysX] Initialized MultithreadedTaskDispatcher with 12 workers.
 -> (artifact id: '1ca6359e76623b47b20b17d7b30bd824') in 0.027936 seconds
Number of updated asset objects reloaded before import = 0
Number of asset objects unloaded after import = 20
========================================================================
Received Import Request.
  Time since last request: 0.000019 seconds.
  path: Assets/polyperfect/Poly Halloween/- Prefabs/Halloween/lantern-street-movable-halloween.prefab
  artifactKey: Guid(be6d9d3cddfea994ba51e3cf425087a2) Importer(815301076,1909f56bfc062723c751e8b465ee728b)
Start importing Assets/polyperfect/Poly Halloween/- Prefabs/Halloween/lantern-street-movable-halloween.prefab using Guid(be6d9d3cddfea994ba51e3cf425087a2) Importer(815301076,1909f56bfc062723c751e8b465ee728b) [PhysX] Initialized MultithreadedTaskDispatcher with 12 workers.
[PhysX] Initialized MultithreadedTaskDispatcher with 12 workers.
 -> (artifact id: '3190d8eab88e8d90e010879edc348657') in 0.103645 seconds
Number of updated asset objects reloaded before import = 0
Number of asset objects unloaded after import = 13
========================================================================
Received Import Request.
  Time since last request: 0.000027 seconds.
  path: Assets/polyperfect/Poly Halloween/- Prefabs/Halloween/gravestone-old-classic-broken.prefab
  artifactKey: Guid(e54b5da67e1b90f4e91949ca516a50ae) Importer(815301076,1909f56bfc062723c751e8b465ee728b)
Start importing Assets/polyperfect/Poly Halloween/- Prefabs/Halloween/gravestone-old-classic-broken.prefab using Guid(e54b5da67e1b90f4e91949ca516a50ae) Importer(815301076,1909f56bfc062723c751e8b465ee728b) [PhysX] Initialized MultithreadedTaskDispatcher with 12 workers.
[PhysX] Initialized MultithreadedTaskDispatcher with 12 workers.
 -> (artifact id: '95b12afa83e6fb437c9eb2304d0d87d4') in 0.040721 seconds
Number of updated asset objects reloaded before import = 0
Number of asset objects unloaded after import = 12
========================================================================
Received Import Request.
  Time since last request: 0.000033 seconds.
  path: Assets/polyperfect/Poly Halloween/- Prefabs/Halloween/candle-stick-c-lit.prefab
  artifactKey: Guid(56a8d26a8ddc01547ba373e951dc5960) Importer(815301076,1909f56bfc062723c751e8b465ee728b)
Start importing Assets/polyperfect/Poly Halloween/- Prefabs/Halloween/candle-stick-c-lit.prefab using Guid(56a8d26a8ddc01547ba373e951dc5960) Importer(815301076,1909f56bfc062723c751e8b465ee728b) [PhysX] Initialized MultithreadedTaskDispatcher with 12 workers.
[PhysX] Initialized MultithreadedTaskDispatcher with 12 workers.
 -> (artifact id: 'f31e206eb413a2f8274a8129c61d9ce4') in 0.040007 seconds
Number of updated asset objects reloaded before import = 0
Number of asset objects unloaded after import = 12
========================================================================
Received Import Request.
  Time since last request: 0.000029 seconds.
  path: Assets/polyperfect/Poly Halloween/- Prefabs/Halloween/gravestone-old-classic-cross.prefab
  artifactKey: Guid(de2d09b271cfb144ab19747dc1626af1) Importer(815301076,1909f56bfc062723c751e8b465ee728b)
Start importing Assets/polyperfect/Poly Halloween/- Prefabs/Halloween/gravestone-old-classic-cross.prefab using Guid(de2d09b271cfb144ab19747dc1626af1) Importer(815301076,1909f56bfc062723c751e8b465ee728b) [PhysX] Initialized MultithreadedTaskDispatcher with 12 workers.
[PhysX] Initialized MultithreadedTaskDispatcher with 12 workers.
 -> (artifact id: 'e100691a5cd7bb57b1e4958a85436e31') in 0.035833 seconds
Number of updated asset objects reloaded before import = 0
Number of asset objects unloaded after import = 12
========================================================================
Received Import Request.
  Time since last request: 0.000027 seconds.
  path: Assets/polyperfect/Poly Halloween/- Prefabs/Halloween/hand-severed.prefab
  artifactKey: Guid(7df99659d49e4c946a622409e384e6de) Importer(815301076,1909f56bfc062723c751e8b465ee728b)
Start importing Assets/polyperfect/Poly Halloween/- Prefabs/Halloween/hand-severed.prefab using Guid(7df99659d49e4c946a622409e384e6de) Importer(815301076,1909f56bfc062723c751e8b465ee728b) [PhysX] Initialized MultithreadedTaskDispatcher with 12 workers.
[PhysX] Initialized MultithreadedTaskDispatcher with 12 workers.
 -> (artifact id: '9c5cb8df5b45aa4317209313cbcb7651') in 0.026634 seconds
Number of updated asset objects reloaded before import = 0
Number of asset objects unloaded after import = 12
========================================================================
Received Import Request.
  Time since last request: 0.000023 seconds.
  path: Assets/polyperfect/Poly Halloween/- Prefabs/Halloween/candle-finger-holder-lit.prefab
  artifactKey: Guid(c85864aae28330e49ae362ef6709cfa0) Importer(815301076,1909f56bfc062723c751e8b465ee728b)
Start importing Assets/polyperfect/Poly Halloween/- Prefabs/Halloween/candle-finger-holder-lit.prefab using Guid(c85864aae28330e49ae362ef6709cfa0) Importer(815301076,1909f56bfc062723c751e8b465ee728b) [PhysX] Initialized MultithreadedTaskDispatcher with 12 workers.
[PhysX] Initialized MultithreadedTaskDispatcher with 12 workers.
 -> (artifact id: 'c04502ddfad91bc4bfd07f5d03f664c9') in 0.034793 seconds
Number of updated asset objects reloaded before import = 0
Number of asset objects unloaded after import = 12
========================================================================
Received Import Request.
  Time since last request: 0.000020 seconds.
  path: Assets/polyperfect/Poly Halloween/- Prefabs/Halloween/pumpkin-a.prefab
  artifactKey: Guid(36694657a5f6ed44ca298dd8501b1122) Importer(815301076,1909f56bfc062723c751e8b465ee728b)
Start importing Assets/polyperfect/Poly Halloween/- Prefabs/Halloween/pumpkin-a.prefab using Guid(36694657a5f6ed44ca298dd8501b1122) Importer(815301076,1909f56bfc062723c751e8b465ee728b) [PhysX] Initialized MultithreadedTaskDispatcher with 12 workers.
[PhysX] Initialized MultithreadedTaskDispatcher with 12 workers.
 -> (artifact id: '335f4205a575a5b5610dd43c8bfb9d5b') in 0.036047 seconds
Number of updated asset objects reloaded before import = 0
Number of asset objects unloaded after import = 12
========================================================================
Received Import Request.
  Time since last request: 0.000021 seconds.
  path: Assets/polyperfect/Poly Halloween/- Prefabs/Halloween/candle-finger-holder-unlit.prefab
  artifactKey: Guid(a8a6944873c3a3a40ae7156193549f12) Importer(815301076,1909f56bfc062723c751e8b465ee728b)
Start importing Assets/polyperfect/Poly Halloween/- Prefabs/Halloween/candle-finger-holder-unlit.prefab using Guid(a8a6944873c3a3a40ae7156193549f12) Importer(815301076,1909f56bfc062723c751e8b465ee728b) [PhysX] Initialized MultithreadedTaskDispatcher with 12 workers.
[PhysX] Initialized MultithreadedTaskDispatcher with 12 workers.
 -> (artifact id: '8e2ecf2c99d1f696c5f7c985edd841dd') in 0.033481 seconds
Number of updated asset objects reloaded before import = 0
Number of asset objects unloaded after import = 12
========================================================================
Received Import Request.
  Time since last request: 0.000022 seconds.
  path: Assets/polyperfect/Poly Halloween/- Prefabs/Halloween/lanterns-on-string-3m.prefab
  artifactKey: Guid(9d511107e9279ba498a7f99b3f32d2ac) Importer(815301076,1909f56bfc062723c751e8b465ee728b)
Start importing Assets/polyperfect/Poly Halloween/- Prefabs/Halloween/lanterns-on-string-3m.prefab using Guid(9d511107e9279ba498a7f99b3f32d2ac) Importer(815301076,1909f56bfc062723c751e8b465ee728b) [PhysX] Initialized MultithreadedTaskDispatcher with 12 workers.
[PhysX] Initialized MultithreadedTaskDispatcher with 12 workers.
 -> (artifact id: '9e6201bd5c1dd526ad16b4e4e2a06822') in 0.032516 seconds
Number of updated asset objects reloaded before import = 0
Number of asset objects unloaded after import = 11
Editor requested this worker to shutdown with reason: Scaling down because of idle timeout
TcpMessagingSession - receive error: operation aborted. errorcode: 995, details:  /   -       .
AssetImportWorker is now disconnected from the server
Process exiting
Exiting without the bug reporter. Application will terminate with return code 0